[INFO] Scanning for projects...
[INFO] 
[INFO] -----------------< br.unicamp.inf335.app:inf335_proj >------------------
[INFO] Building inf335_proj 0.0.1-SNAPSHOT
[INFO] --------------------------------[ jar ]---------------------------------
[INFO] 
[INFO] --- maven-resources-plugin:3.0.2:resources (default-resources) @ inf335_proj ---
[INFO] Using 'UTF-8' encoding to copy filtered resources.
[INFO] skip non existing resourceDirectory C:\Users\Pedro\OneDrive\Área de Trabalho\0_INSTITUCIONAL PEDRO\_ESTUDOS ATUAIS_2022\8_AMBIENTES PARA CONCEPÇÃO DE SOFTWARE\TAREFAS\TAREFA AULA 04 - BUILD MAVEN\inf335_proj\src\main\resources
[INFO] 
[INFO] --- maven-compiler-plugin:3.8.1:compile (default-compile) @ inf335_proj ---
[INFO] Nothing to compile - all classes are up to date
[INFO] 
[INFO] --- maven-resources-plugin:3.0.2:testResources (default-testResources) @ inf335_proj ---
[INFO] Using 'UTF-8' encoding to copy filtered resources.
[INFO] skip non existing resourceDirectory C:\Users\Pedro\OneDrive\Área de Trabalho\0_INSTITUCIONAL PEDRO\_ESTUDOS ATUAIS_2022\8_AMBIENTES PARA CONCEPÇÃO DE SOFTWARE\TAREFAS\TAREFA AULA 04 - BUILD MAVEN\inf335_proj\src\test\resources
[INFO] 
[INFO] --- maven-compiler-plugin:3.8.1:testCompile (default-testCompile) @ inf335_proj ---
[INFO] Nothing to compile - all classes are up to date
[INFO] 
[INFO] --- maven-surefire-plugin:2.22.1:test (default-test) @ inf335_proj ---
[INFO] 
[INFO] -------------------------------------------------------
[INFO]  T E S T S
[INFO] -------------------------------------------------------
[INFO] Running br.unicamp.inf335.app.inf335_proj.AnuncianteBeanTest
[INFO] Tests run: 1, Failures: 0, Errors: 0, Skipped: 0, Time elapsed: 0.049 s - in br.unicamp.inf335.app.inf335_proj.AnuncianteBeanTest
[INFO] Running br.unicamp.inf335.app.inf335_proj.AnuncioBeanTest
[INFO] Tests run: 1, Failures: 0, Errors: 0, Skipped: 0, Time elapsed: 0 s - in br.unicamp.inf335.app.inf335_proj.AnuncioBeanTest
[INFO] Running br.unicamp.inf335.app.inf335_proj.ProdutoBeanTest
[INFO] Tests run: 2, Failures: 0, Errors: 0, Skipped: 0, Time elapsed: 0.001 s - in br.unicamp.inf335.app.inf335_proj.ProdutoBeanTest
[INFO] 
[INFO] Results:
[INFO] 
[INFO] Tests run: 4, Failures: 0, Errors: 0, Skipped: 0
[INFO] 
[INFO] 
[INFO] --- maven-jar-plugin:3.0.2:jar (default-jar) @ inf335_proj ---
[INFO] Building jar: C:\Users\Pedro\OneDrive\Área de Trabalho\0_INSTITUCIONAL PEDRO\_ESTUDOS ATUAIS_2022\8_AMBIENTES PARA CONCEPÇÃO DE SOFTWARE\TAREFAS\TAREFA AULA 04 - BUILD MAVEN\inf335_proj\target\inf335_proj-0.0.1-SNAPSHOT.jar
[INFO] ------------------------------------------------------------------------
[INFO] BUILD SUCCESS
[INFO] ------------------------------------------------------------------------
[INFO] Total time:  3.166 s
[INFO] Finished at: 2022-05-04T20:53:36-03:00
[INFO] ------------------------------------------------------------------------